<?xml version="1.0" encoding="UTF-8"?>
<!-- Generated by org.testng.reporters.JUnitReportReporter -->
<testsuite hostname="DESKTOP-US7T295" failures="0" tests="2" name="TestRunner.LoginFunc" time="0.014" errors="0" timestamp="2024-01-13T13:03:45 EST" skipped="0">
  <testcase classname="TestRunner.LoginFunc" name="successfulLogin" time="0.011"/>
  <system-out/>
  <testcase classname="TestRunner.LoginFunc" name="successfulLogin" time="0.003"/>
  <system-out/>
</testsuite> <!-- TestRunner.LoginFunc -->
